<?xml version="1.0" encoding="UTF-8"?>
<testng-results skipped="0" failed="0" total="1" passed="1">
  <reporter-output>
  </reporter-output>
  <suite name="Default suite" duration-ms="23428" started-at="2019-06-17T05:27:23Z" finished-at="2019-06-17T05:27:46Z">
    <groups>
    </groups>
    <test name="Default test" duration-ms="23428" started-at="2019-06-17T05:27:23Z" finished-at="2019-06-17T05:27:46Z">
      <class name="com.training.sanity.tests.CustomerDeleteTest">
        <test-method status="PASS" signature="extentretport()[pri:0, instance:com.training.sanity.tests.CustomerDeleteTest@71c7db30]" name="extentretport" is-config="true" duration-ms="378" started-at="2019-06-17T10:57:23Z" finished-at="2019-06-17T10:57:23Z">
          <reporter-output>
          </reporter-output>
        </test-method> <!-- extentretport -->
        <test-method status="PASS" signature="setUpBeforeClass()[pri:0, instance:com.training.sanity.tests.CustomerDeleteTest@71c7db30]" name="setUpBeforeClass" is-config="true" duration-ms="1" started-at="2019-06-17T10:57:23Z" finished-at="2019-06-17T10:57:23Z">
          <reporter-output>
          </reporter-output>
        </test-method> <!-- setUpBeforeClass -->
        <test-method status="PASS" signature="setUp()[pri:0, instance:com.training.sanity.tests.CustomerDeleteTest@71c7db30]" name="setUp" is-config="true" duration-ms="7001" started-at="2019-06-17T10:57:23Z" finished-at="2019-06-17T10:57:30Z">
          <reporter-output>
          </reporter-output>
        </test-method> <!-- setUp -->
        <test-method status="PASS" signature="Cust_Search_Test()[pri:0, instance:com.training.sanity.tests.CustomerDeleteTest@71c7db30]" name="Cust_Search_Test" duration-ms="13486" started-at="2019-06-17T10:57:30Z" finished-at="2019-06-17T10:57:44Z">
          <reporter-output>
          </reporter-output>
        </test-method> <!-- Cust_Search_Test -->
        <test-method status="PASS" signature="tearDown()[pri:0, instance:com.training.sanity.tests.CustomerDeleteTest@71c7db30]" name="tearDown" is-config="true" duration-ms="2538" started-at="2019-06-17T10:57:44Z" finished-at="2019-06-17T10:57:46Z">
          <reporter-output>
          </reporter-output>
        </test-method> <!-- tearDown -->
      </class> <!-- com.training.sanity.tests.CustomerDeleteTest -->
    </test> <!-- Default test -->
  </suite> <!-- Default suite -->
</testng-results>
